\BOOKMARK [0][-]{chapter.1}{Resumen}{}% 1
\BOOKMARK [0][-]{chapter.2}{Introducci\363n}{}% 2
\BOOKMARK [1][-]{section.2.1}{Grados de libertad}{chapter.2}% 3
\BOOKMARK [1][-]{section.2.2}{Foto y v\355deo en realidad virtual}{chapter.2}% 4
\BOOKMARK [1][-]{section.2.3}{Qu\351 aporta este proyecto}{chapter.2}% 5
\BOOKMARK [0][-]{chapter.3}{Planteamiento del problema}{}% 6
\BOOKMARK [0][-]{chapter.4}{Objetivos}{}% 7
\BOOKMARK [0][-]{chapter.5}{Estado del Arte}{}% 8
\BOOKMARK [1][-]{section.5.1}{Marco te\363rico}{chapter.5}% 9
\BOOKMARK [2][-]{subsection.5.1.1}{Fotograf\355a y v\355deo}{section.5.1}% 10
\BOOKMARK [2][-]{subsection.5.1.2}{Mapas de profundidad}{section.5.1}% 11
\BOOKMARK [2][-]{subsection.5.1.3}{Fotogrametr\355a}{section.5.1}% 12
\BOOKMARK [1][-]{section.5.2}{Project Sidewinder}{chapter.5}% 13
\BOOKMARK [1][-]{section.5.3}{Nube de puntos}{chapter.5}% 14
\BOOKMARK [1][-]{section.5.4}{C\341mara y herramientas de realidad virtual de OTOY y Facebook}{chapter.5}% 15
\BOOKMARK [1][-]{section.5.5}{Facebook: Seis Grados de libertad con Fotogrametr\355a}{chapter.5}% 16
\BOOKMARK [1][-]{section.5.6}{``Welcome to Lightfields''}{chapter.5}% 17
\BOOKMARK [0][-]{chapter.6}{Desarrollo}{}% 18
\BOOKMARK [0][-]{chapter.7}{Resultados}{}% 19
\BOOKMARK [0][-]{chapter.8}{Conclusiones}{}% 20
\BOOKMARK [0][-]{chapter*.15}{Bibliograf\355a}{}% 21
